<?xml version="1.0" encoding="UTF-8"?>
<testsuite name="LasagnaTest" tests="1" skipped="0" failures="0" errors="0" timestamp="2022-01-20T08:27:27" hostname="LAPTOP-KSHITIJ" time="0.04">
  <properties/>
  <testcase name="implemented_total_time_in_minutes" classname="LasagnaTest" time="0.04"/>
  <system-out><![CDATA[]]></system-out>
  <system-err><![CDATA[]]></system-err>
</testsuite>
